{
  "RSpec": {
    "coverage": {
      "/Users/MTen/Documents/projects/twendy/config/environment.rb": [
        null,
        1,
        null,
        null,
        1
      ],
      "/Users/MTen/Documents/projects/twendy/config/application.rb": [
        1,
        null,
        null,
        1,
        1,
        1,
        1,
        1,
        null,
        null,
        1,
        null,
        1,
        null,
        null,
        null,
        null,
        1,
        1,
        null,
        null,
        null,
        null,
        null,
        null,
        null,
        null,
        null,
        null,
        null,
        null,
        null,
        null,
        null,
        null,
        null,
        null,
        null,
        null,
        null,
        null,
        null,
        1,
        null,
        null,
        1,
        null,
        null,
        1,
        null,
        null,
        null,
        null,
        null,
        null,
        null,
        null,
        null,
        null,
        1,
        null,
        null,
        1,
        null,
        null,
        1,
        null,
        null
      ],
      "/Users/MTen/Documents/projects/twendy/config/boot.rb": [
        1,
        null,
        null,
        1,
        null,
        1
      ],
      "/Users/MTen/Documents/projects/twendy/config/environments/test.rb": [
        1,
        null,
        null,
        null,
        null,
        null,
        null,
        1,
        null,
        null,
        1,
        1,
        null,
        null,
        1,
        null,
        null,
        1,
        1,
        null,
        null,
        1,
        null,
        null,
        1,
        null,
        null,
        null,
        null,
        1,
        null,
        null,
        1,
        null,
        null,
        1,
        null
      ],
      "/Users/MTen/Documents/projects/twendy/config/initializers/backtrace_silencers.rb": [
        null,
        null,
        null,
        null,
        null,
        null,
        null
      ],
      "/Users/MTen/Documents/projects/twendy/config/initializers/inflections.rb": [
        null,
        null,
        null,
        null,
        null,
        null,
        null,
        null,
        null,
        null,
        null,
        null,
        null,
        null,
        null
      ],
      "/Users/MTen/Documents/projects/twendy/config/initializers/mime_types.rb": [
        null,
        null,
        null,
        null,
        null
      ],
      "/Users/MTen/Documents/projects/twendy/config/initializers/secret_token.rb": [
        null,
        null,
        null,
        null,
        null,
        null,
        1
      ],
      "/Users/MTen/Documents/projects/twendy/config/initializers/session_store.rb": [
        null,
        null,
        1,
        null,
        null,
        null,
        null,
        null
      ],
      "/Users/MTen/Documents/projects/twendy/config/initializers/wrap_parameters.rb": [
        null,
        null,
        null,
        null,
        null,
        null,
        1,
        1,
        null,
        null,
        null,
        1,
        1,
        null
      ],
      "/Users/MTen/Documents/projects/twendy/app/controllers/application_controller.rb": [
        1,
        1,
        null
      ],
      "/Users/MTen/Documents/projects/twendy/app/helpers/application_helper.rb": [
        1,
        null
      ],
      "/Users/MTen/Documents/projects/twendy/app/helpers/countries_helper.rb": [
        1,
        null
      ],
      "/Users/MTen/Documents/projects/twendy/app/controllers/countries_controller.rb": [
        1,
        null,
        null,
        1,
        0,
        null,
        null,
        null
      ],
      "/Users/MTen/Documents/projects/twendy/app/models/country.rb": [
        1,
        1,
        null,
        1,
        1,
        0,
        null,
        null,
        null
      ],
      "/Users/MTen/Documents/projects/twendy/app/models/trend.rb": [
        1,
        1,
        null
      ],
      "/Users/MTen/Documents/projects/twendy/config/routes.rb": [
        1,
        null,
        1,
        1,
        null,
        null,
        null,
        null,
        null,
        null,
        null,
        null,
        null,
        null,
        null,
        null,
        null,
        null,
        null,
        null,
        null,
        null,
        null,
        null,
        null,
        null,
        null,
        null,
        null,
        null,
        null,
        null,
        null,
        null,
        null,
        null,
        null,
        null,
        null,
        null,
        null,
        null,
        null,
        null,
        null,
        null,
        null,
        null,
        null,
        null,
        null,
        null,
        null,
        null,
        null,
        null,
        null,
        null,
        null,
        null,
        null,
        null
      ],
      "/Users/MTen/Documents/projects/twendy/spec/features/trends_feature_spec.rb": [
        1,
        null,
        1,
        null,
        null,
        null
      ],
      "/Users/MTen/Documents/projects/twendy/spec/helpers/countries_helper_spec.rb": [
        1,
        null,
        null,
        null,
        null,
        null,
        null,
        null,
        null,
        null,
        null,
        null,
        1,
        1,
        null
      ],
      "/Users/MTen/Documents/projects/twendy/spec/models/country_spec.rb": [
        1,
        null,
        1,
        1,
        1,
        0,
        0,
        0,
        0,
        null,
        1,
        0,
        0,
        0,
        0,
        0,
        null,
        null,
        1,
        1,
        0,
        0,
        0,
        0,
        0,
        0,
        null,
        1,
        1,
        1,
        null,
        null,
        null,
        null
      ]
    },
    "timestamp": 1391479930
  }
}
